{"meta": {"format": 3, "version": "7.13.5", "timestamp": "2026-04-25T17:44:48.208120", "branch_coverage": true, "show_contexts": true}, "files": {"app/__init__.py": {"executed_lines": [], "summary": {"covered_lines": 0, "num_statements": 0, "percent_covered": 100.0, "percent_covered_display": "100", "missing_lines": 0, "excluded_lines": 0, "percent_statements_covered": 100.0, "percent_statements_covered_display": "100", "num_branches": 0, "num_partial_branches": 0, "covered_branches": 0, "missing_branches": 0, "percent_branches_covered": 100.0, "percent_branches_covered_display": "100"}, "missing_lines": [], "excluded_lines": [], "contexts": {}, "executed_branches": [], "missing_branches": [], "functions": {"": {"executed_lines": [], "summary": {"covered_lines": 0, "num_statements": 0, "percent_covered": 100.0, "percent_covered_display": "100", "missing_lines": 0, "excluded_lines": 0, "percent_statements_covered": 100.0, "percent_statements_covered_display": "100", "num_branches": 0, "num_partial_branches": 0, "covered_branches": 0, "missing_branches": 0, "percent_branches_covered": 100.0, "percent_branches_covered_display": "100"}, "missing_lines": [], "excluded_lines": [], "start_line": 1, "contexts": {}, "executed_branches": [], "missing_branches": []}}, "classes": {"": {"executed_lines": [], "summary": {"covered_lines": 0, "num_statements": 0, "percent_covered": 100.0, "percent_covered_display": "100", "missing_lines": 0, "excluded_lines": 0, "percent_statements_covered": 100.0, "percent_statements_covered_display": "100", "num_branches": 0, "num_partial_branches": 0, "covered_branches": 0, "missing_branches": 0, "percent_branches_covered": 100.0, "percent_branches_covered_display": "100"}, "missing_lines": [], "excluded_lines": [], "start_line": 1, "contexts": {}, "executed_branches": [], "missing_branches": []}}}, "app/api/__init__.py": {"executed_lines": [1, 3, 4, 5, 7, 10, 11, 12, 15, 19, 22, 23, 29, 37, 38, 40, 41, 44], "summary": {"covered_lines": 18, "num_statements": 19, "percent_covered": 94.73684210526316, "percent_covered_display": "95", "missing_lines": 1, "excluded_lines": 0, "percent_statements_covered": 94.73684210526316, "percent_statements_covered_display": "95", "num_branches": 0, "num_partial_branches": 0, "covered_branches": 0, "missing_branches": 0, "percent_branches_covered": 100.0, "percent_branches_covered_display": "100"}, "missing_lines": [42], "excluded_lines": [], "contexts": {"1": [""], "3": [""], "4": [""], "5": [""], "7": [""], "10": [""], "11": [""], "12": [""], "15": [""], "19": [""], "22": [""], "23": [""], "24": [""], "25": [""], "26": [""], "29": [""], "30": [""], "31": [""], "32": [""], "33": [""], "34": [""], "37": [""], "38": [""], "40": [""], "41": [""], "44": [""]}, "executed_branches": [], "missing_branches": [], "functions": {"lifespan": {"executed_lines": [12], "summary": {"covered_lines": 1, "num_statements": 1, "percent_covered": 100.0, "percent_covered_display": "100", "missing_lines": 0, "excluded_lines": 0, "percent_statements_covered": 100.0, "percent_statements_covered_display": "100", "num_branches": 0, "num_partial_branches": 0, "covered_branches": 0, "missing_branches": 0, "percent_branches_covered": 100.0, "percent_branches_covered_display": "100"}, "missing_lines": [], "excluded_lines": [], "start_line": 11, "contexts": {"1": [""], "3": [""], "4": [""], "5": [""], "7": [""], "10": [""], "11": [""], "12": [""], "15": [""], "19": [""], "22": [""], "23": [""], "24": [""], "25": [""], "26": [""], "29": [""], "30": [""], "31": [""], "32": [""], "33": [""], "34": [""], "37": [""], "38": [""], "40": [""], "41": [""], "44": [""]}, "executed_branches": [], "missing_branches": []}, "_route_name_as_operation_id": {"executed_lines": [19], "summary": {"covered_lines": 1, "num_statements": 1, "percent_covered": 100.0, "percent_covered_display": "100", "missing_lines": 0, "excluded_lines": 0, "percent_statements_covered": 100.0, "percent_statements_covered_display": "100", "num_branches": 0, "num_partial_branches": 0, "covered_branches": 0, "missing_branches": 0, "percent_branches_covered": 100.0, "percent_branches_covered_display": "100"}, "missing_lines": [], "excluded_lines": [], "start_line": 15, "contexts": {"1": [""], "3": [""], "4": [""], "5": [""], "7": [""], "10": [""], "11": [""], "12": [""], "15": [""], "19": [""], "22": [""], "23": [""], "24": [""], "25": [""], "26": [""], "29": [""], "30": [""], "31": [""], "32": [""], "33": [""], "34": [""], "37": [""], "38": [""], "40": [""], "41": [""], "44": [""]}, "executed_branches": [], "missing_branches": []}, "create_app": {"executed_lines": [23, 29, 37, 38, 40, 41, 44], "summary": {"covered_lines": 7, "num_statements": 7, "percent_covered": 100.0, "percent_covered_display": "100", "missing_lines": 0, "excluded_lines": 0, "percent_statements_covered": 100.0, "percent_statements_covered_display": "100", "num_branches": 0, "num_partial_branches": 0, "covered_branches": 0, "missing_branches": 0, "percent_branches_covered": 100.0, "percent_branches_covered_display": "100"}, "missing_lines": [], "excluded_lines": [], "start_line": 22, "contexts": {"1": [""], "3": [""], "4": [""], "5": [""], "7": [""], "10": [""], "11": [""], "12": [""], "15": [""], "19": [""], "22": [""], "23": [""], "24": [""], "25": [""], "26": [""], "29": [""], "30": [""], "31": [""], "32": [""], "33": [""], "34": [""], "37": [""], "38": [""], "40": [""], "41": [""], "44": [""]}, "executed_branches": [], "missing_branches": []}, "create_app.health_check": {"executed_lines": [], "summary": {"covered_lines": 0, "num_statements": 1, "percent_covered": 0.0, "percent_covered_display": "0", "missing_lines": 1, "excluded_lines": 0, "percent_statements_covered": 0.0, "percent_statements_covered_display": "0", "num_branches": 0, "num_partial_branches": 0, "covered_branches": 0, "missing_branches": 0, "percent_branches_covered": 100.0, "percent_branches_covered_display": "100"}, "missing_lines": [42], "excluded_lines": [], "start_line": 41, "contexts": {"1": [""], "3": [""], "4": [""], "5": [""], "7": [""], "10": [""], "11": [""], "12": [""], "15": [""], "19": [""], "22": [""], "23": [""], "24": [""], "25": [""], "26": [""], "29": [""], "30": [""], "31": [""], "32": [""], "33": [""], "34": [""], "37": [""], "38": [""], "40": [""], "41": [""], "44": [""]}, "executed_branches": [], "missing_branches": []}, "": {"executed_lines": [1, 3, 4, 5, 7, 10, 11, 15, 22], "summary": {"covered_lines": 9, "num_statements": 9, "percent_covered": 100.0, "percent_covered_display": "100", "missing_lines": 0, "excluded_lines": 0, "percent_statements_covered": 100.0, "percent_statements_covered_display": "100", "num_branches": 0, "num_partial_branches": 0, "covered_branches": 0, "missing_branches": 0, "percent_branches_covered": 100.0, "percent_branches_covered_display": "100"}, "missing_lines": [], "excluded_lines": [], "start_line": 1, "contexts": {"1": [""], "3": [""], "4": [""], "5": [""], "7": [""], "10": [""], "11": [""], "12": [""], "15": [""], "19": [""], "22": [""], "23": [""], "24": [""], "25": [""], "26": [""], "29": [""], "30": [""], "31": [""], "32": [""], "33": [""], "34": [""], "37": [""], "38": [""], "40": [""], "41": [""], "44": [""]}, "executed_branches": [], "missing_branches": []}}, "classes": {"": {"executed_lines": [1, 3, 4, 5, 7, 10, 11, 12, 15, 19, 22, 23, 29, 37, 38, 40, 41, 44], "summary": {"covered_lines": 18, "num_statements": 19, "percent_covered": 94.73684210526316, "percent_covered_display": "95", "missing_lines": 1, "excluded_lines": 0, "percent_statements_covered": 94.73684210526316, "percent_statements_covered_display": "95", "num_branches": 0, "num_partial_branches": 0, "covered_branches": 0, "missing_branches": 0, "percent_branches_covered": 100.0, "percent_branches_covered_display": "100"}, "missing_lines": [42], "excluded_lines": [], "start_line": 1, "contexts": {"1": [""], "3": [""], "4": [""], "5": [""], "7": [""], "10": [""], "11": [""], "12": [""], "15": [""], "19": [""], "22": [""], "23": [""], "24": [""], "25": [""], "26": [""], "29": [""], "30": [""], "31": [""], "32": [""], "33": [""], "34": [""], "37": [""], "38": [""], "40": [""], "41": [""], "44": [""]}, "executed_branches": [], "missing_branches": []}}}, "app/api/routers/__init__.py": {"executed_lines": [], "summary": {"covered_lines": 0, "num_statements": 0, "percent_covered": 100.0, "percent_covered_display": "100", "missing_lines": 0, "excluded_lines": 0, "percent_statements_covered": 100.0, "percent_statements_covered_display": "100", "num_branches": 0, "num_partial_branches": 0, "covered_branches": 0, "missing_branches": 0, "percent_branches_covered": 100.0, "percent_branches_covered_display": "100"}, "missing_lines": [], "excluded_lines": [], "contexts": {}, "executed_branches": [], "missing_branches": [], "functions": {"": {"executed_lines": [], "summary": {"covered_lines": 0, "num_statements": 0, "percent_covered": 100.0, "percent_covered_display": "100", "missing_lines": 0, "excluded_lines": 0, "percent_statements_covered": 100.0, "percent_statements_covered_display": "100", "num_branches": 0, "num_partial_branches": 0, "covered_branches": 0, "missing_branches": 0, "percent_branches_covered": 100.0, "percent_branches_covered_display": "100"}, "missing_lines": [], "excluded_lines": [], "start_line": 1, "contexts": {}, "executed_branches": [], "missing_branches": []}}, "classes": {"": {"executed_lines": [], "summary": {"covered_lines": 0, "num_statements": 0, "percent_covered": 100.0, "percent_covered_display": "100", "missing_lines": 0, "excluded_lines": 0, "percent_statements_covered": 100.0, "percent_statements_covered_display": "100", "num_branches": 0, "num_partial_branches": 0, "covered_branches": 0, "missing_branches": 0, "percent_branches_covered": 100.0, "percent_branches_covered_display": "100"}, "missing_lines": [], "excluded_lines": [], "start_line": 1, "contexts": {}, "executed_branches": [], "missing_branches": []}}}, "app/api/routers/game.py": {"executed_lines": [1, 3, 4, 14, 17, 18, 19, 20, 23, 24, 29, 30, 31, 34, 35], "summary": {"covered_lines": 15, "num_statements": 22, "percent_covered": 68.18181818181819, "percent_covered_display": "68", "missing_lines": 7, "excluded_lines": 0, "percent_statements_covered": 68.18181818181819, "percent_statements_covered_display": "68", "num_branches": 0, "num_partial_branches": 0, "covered_branches": 0, "missing_branches": 0, "percent_branches_covered": 100.0, "percent_branches_covered_display": "100"}, "missing_lines": [25, 26, 36, 37, 38, 39, 40], "excluded_lines": [], "contexts": {"1": [""], "3": [""], "4": [""], "14": [""], "17": [""], "18": [""], "19": [""], "20": [""], "23": [""], "24": [""], "29": [""], "30": [""], "31": [""], "34": [""], "35": [""]}, "executed_branches": [], "missing_branches": [], "functions": {"post_analyze": {"executed_lines": [19, 20], "summary": {"covered_lines": 2, "num_statements": 2, "percent_covered": 100.0, "percent_covered_display": "100", "missing_lines": 0, "excluded_lines": 0, "percent_statements_covered": 100.0, "percent_statements_covered_display": "100", "num_branches": 0, "num_partial_branches": 0, "covered_branches": 0, "missing_branches": 0, "percent_branches_covered": 100.0, "percent_branches_covered_display": "100"}, "missing_lines": [], "excluded_lines": [], "start_line": 18, "contexts": {"1": [""], "3": [""], "4": [""], "14": [""], "17": [""], "18": [""], "19": [""], "20": [""], "23": [""], "24": [""], "29": [""], "30": [""], "31": [""], "34": [""], "35": [""]}, "executed_branches": [], "missing_branches": []}, "post_next_states": {"executed_lines": [], "summary": {"covered_lines": 0, "num_statements": 2, "percent_covered": 0.0, "percent_covered_display": "0", "missing_lines": 2, "excluded_lines": 0, "percent_statements_covered": 0.0, "percent_statements_covered_display": "0", "num_branches": 0, "num_partial_branches": 0, "covered_branches": 0, "missing_branches": 0, "percent_branches_covered": 100.0, "percent_branches_covered_display": "100"}, "missing_lines": [25, 26], "excluded_lines": [], "start_line": 24, "contexts": {"1": [""], "3": [""], "4": [""], "14": [""], "17": [""], "18": [""], "19": [""], "20": [""], "23": [""], "24": [""], "29": [""], "30": [""], "31": [""], "34": [""], "35": [""]}, "executed_branches": [], "missing_branches": []}, "get_count_games": {"executed_lines": [31], "summary": {"covered_lines": 1, "num_statements": 1, "percent_covered": 100.0, "percent_covered_display": "100", "missing_lines": 0, "excluded_lines": 0, "percent_statements_covered": 100.0, "percent_statements_covered_display": "100", "num_branches": 0, "num_partial_branches": 0, "covered_branches": 0, "missing_branches": 0, "percent_branches_covered": 100.0, "percent_branches_covered_display": "100"}, "missing_lines": [], "excluded_lines": [], "start_line": 30, "contexts": {"1": [""], "3": [""], "4": [""], "14": [""], "17": [""], "18": [""], "19": [""], "20": [""], "23": [""], "24": [""], "29": [""], "30": [""], "31": [""], "34": [""], "35": [""]}, "executed_branches": [], "missing_branches": []}, "post_bot_move": {"executed_lines": [], "summary": {"covered_lines": 0, "num_statements": 5, "percent_covered": 0.0, "percent_covered_display": "0", "missing_lines": 5, "excluded_lines": 0, "percent_statements_covered": 0.0, "percent_statements_covered_display": "0", "num_branches": 0, "num_partial_branches": 0, "covered_branches": 0, "missing_branches": 0, "percent_branches_covered": 100.0, "percent_branches_covered_display": "100"}, "missing_lines": [36, 37, 38, 39, 40], "excluded_lines": [], "start_line": 35, "contexts": {"1": [""], "3": [""], "4": [""], "14": [""], "17": [""], "18": [""], "19": [""], "20": [""], "23": [""], "24": [""], "29": [""], "30": [""], "31": [""], "34": [""], "35": [""]}, "executed_branches": [], "missing_branches": []}, "": {"executed_lines": [1, 3, 4, 14, 17, 18, 23, 24, 29, 30, 34, 35], "summary": {"covered_lines": 12, "num_statements": 12, "percent_covered": 100.0, "percent_covered_display": "100", "missing_lines": 0, "excluded_lines": 0, "percent_statements_covered": 100.0, "percent_statements_covered_display": "100", "num_branches": 0, "num_partial_branches": 0, "covered_branches": 0, "missing_branches": 0, "percent_branches_covered": 100.0, "percent_branches_covered_display": "100"}, "missing_lines": [], "excluded_lines": [], "start_line": 1, "contexts": {"1": [""], "3": [""], "4": [""], "14": [""], "17": [""], "18": [""], "19": [""], "20": [""], "23": [""], "24": [""], "29": [""], "30": [""], "31": [""], "34": [""], "35": [""]}, "executed_branches": [], "missing_branches": []}}, "classes": {"": {"executed_lines": [1, 3, 4, 14, 17, 18, 19, 20, 23, 24, 29, 30, 31, 34, 35], "summary": {"covered_lines": 15, "num_statements": 22, "percent_covered": 68.18181818181819, "percent_covered_display": "68", "missing_lines": 7, "excluded_lines": 0, "percent_statements_covered": 68.18181818181819, "percent_statements_covered_display": "68", "num_branches": 0, "num_partial_branches": 0, "covered_branches": 0, "missing_branches": 0, "percent_branches_covered": 100.0, "percent_branches_covered_display": "100"}, "missing_lines": [25, 26, 36, 37, 38, 39, 40], "excluded_lines": [], "start_line": 1, "contexts": {"1": [""], "3": [""], "4": [""], "14": [""], "17": [""], "18": [""], "19": [""], "20": [""], "23": [""], "24": [""], "29": [""], "30": [""], "31": [""], "34": [""], "35": [""]}, "executed_branches": [], "missing_branches": []}}}, "app/api/routers/stats.py": {"executed_lines": [1, 3, 11, 18, 21, 22, 25, 26, 27, 28, 37, 38], "summary": {"covered_lines": 12, "num_statements": 14, "percent_covered": 85.71428571428571, "percent_covered_display": "86", "missing_lines": 2, "excluded_lines": 0, "percent_statements_covered": 85.71428571428571, "percent_statements_covered_display": "86", "num_branches": 0, "num_partial_branches": 0, "covered_branches": 0, "missing_branches": 0, "percent_branches_covered": 100.0, "percent_branches_covered_display": "100"}, "missing_lines": [39, 40], "excluded_lines": [], "contexts": {"1": [""], "3": [""], "11": [""], "18": [""], "21": [""], "22": [""], "25": [""], "26": [""], "27": [""], "28": [""], "29": [""], "30": [""], "31": [""], "32": [""], "33": [""], "37": [""], "38": [""]}, "executed_branches": [], "missing_branches": [], "functions": {"_to_records": {"executed_lines": [22], "summary": {"covered_lines": 1, "num_statements": 1, "percent_covered": 100.0, "percent_covered_display": "100", "missing_lines": 0, "excluded_lines": 0, "percent_statements_covered": 100.0, "percent_statements_covered_display": "100", "num_branches": 0, "num_partial_branches": 0, "covered_branches": 0, "missing_branches": 0, "percent_branches_covered": 100.0, "percent_branches_covered_display": "100"}, "missing_lines": [], "excluded_lines": [], "start_line": 21, "contexts": {"1": [""], "3": [""], "11": [""], "18": [""], "21": [""], "22": [""], "25": [""], "26": [""], "27": [""], "28": [""], "29": [""], "30": [""], "31": [""], "32": [""], "33": [""], "37": [""], "38": [""]}, "executed_branches": [], "missing_branches": []}, "post_stats_summary": {"executed_lines": [27, 28], "summary": {"covered_lines": 2, "num_statements": 2, "percent_covered": 100.0, "percent_covered_display": "100", "missing_lines": 0, "excluded_lines": 0, "percent_statements_covered": 100.0, "percent_statements_covered_display": "100", "num_branches": 0, "num_partial_branches": 0, "covered_branches": 0, "missing_branches": 0, "percent_branches_covered": 100.0, "percent_branches_covered_display": "100"}, "missing_lines": [], "excluded_lines": [], "start_line": 26, "contexts": {"1": [""], "3": [""], "11": [""], "18": [""], "21": [""], "22": [""], "25": [""], "26": [""], "27": [""], "28": [""], "29": [""], "30": [""], "31": [""], "32": [""], "33": [""], "37": [""], "38": [""]}, "executed_branches": [], "missing_branches": []}, "post_stats_dominance": {"executed_lines": [], "summary": {"covered_lines": 0, "num_statements": 2, "percent_covered": 0.0, "percent_covered_display": "0", "missing_lines": 2, "excluded_lines": 0, "percent_statements_covered": 0.0, "percent_statements_covered_display": "0", "num_branches": 0, "num_partial_branches": 0, "covered_branches": 0, "missing_branches": 0, "percent_branches_covered": 100.0, "percent_branches_covered_display": "100"}, "missing_lines": [39, 40], "excluded_lines": [], "start_line": 38, "contexts": {"1": [""], "3": [""], "11": [""], "18": [""], "21": [""], "22": [""], "25": [""], "26": [""], "27": [""], "28": [""], "29": [""], "30": [""], "31": [""], "32": [""], "33": [""], "37": [""], "38": [""]}, "executed_branches": [], "missing_branches": []}, "": {"executed_lines": [1, 3, 11, 18, 21, 25, 26, 37, 38], "summary": {"covered_lines": 9, "num_statements": 9, "percent_covered": 100.0, "percent_covered_display": "100", "missing_lines": 0, "excluded_lines": 0, "percent_statements_covered": 100.0, "percent_statements_covered_display": "100", "num_branches": 0, "num_partial_branches": 0, "covered_branches": 0, "missing_branches": 0, "percent_branches_covered": 100.0, "percent_branches_covered_display": "100"}, "missing_lines": [], "excluded_lines": [], "start_line": 1, "contexts": {"1": [""], "3": [""], "11": [""], "18": [""], "21": [""], "22": [""], "25": [""], "26": [""], "27": [""], "28": [""], "29": [""], "30": [""], "31": [""], "32": [""], "33": [""], "37": [""], "38": [""]}, "executed_branches": [], "missing_branches": []}}, "classes": {"": {"executed_lines": [1, 3, 11, 18, 21, 22, 25, 26, 27, 28, 37, 38], "summary": {"covered_lines": 12, "num_statements": 14, "percent_covered": 85.71428571428571, "percent_covered_display": "86", "missing_lines": 2, "excluded_lines": 0, "percent_statements_covered": 85.71428571428571, "percent_statements_covered_display": "86", "num_branches": 0, "num_partial_branches": 0, "covered_branches": 0, "missing_branches": 0, "percent_branches_covered": 100.0, "percent_branches_covered_display": "100"}, "missing_lines": [39, 40], "excluded_lines": [], "start_line": 1, "contexts": {"1": [""], "3": [""], "11": [""], "18": [""], "21": [""], "22": [""], "25": [""], "26": [""], "27": [""], "28": [""], "29": [""], "30": [""], "31": [""], "32": [""], "33": [""], "37": [""], "38": [""]}, "executed_branches": [], "missing_branches": []}}}, "app/logic/__init__.py": {"executed_lines": [], "summary": {"covered_lines": 0, "num_statements": 0, "percent_covered": 100.0, "percent_covered_display": "100", "missing_lines": 0, "excluded_lines": 0, "percent_statements_covered": 100.0, "percent_statements_covered_display": "100", "num_branches": 0, "num_partial_branches": 0, "covered_branches": 0, "missing_branches": 0, "percent_branches_covered": 100.0, "percent_branches_covered_display": "100"}, "missing_lines": [], "excluded_lines": [], "contexts": {}, "executed_branches": [], "missing_branches": [], "functions": {"": {"executed_lines": [], "summary": {"covered_lines": 0, "num_statements": 0, "percent_covered": 100.0, "percent_covered_display": "100", "missing_lines": 0, "excluded_lines": 0, "percent_statements_covered": 100.0, "percent_statements_covered_display": "100", "num_branches": 0, "num_partial_branches": 0, "covered_branches": 0, "missing_branches": 0, "percent_branches_covered": 100.0, "percent_branches_covered_display": "100"}, "missing_lines": [], "excluded_lines": [], "start_line": 1, "contexts": {}, "executed_branches": [], "missing_branches": []}}, "classes": {"": {"executed_lines": [], "summary": {"covered_lines": 0, "num_statements": 0, "percent_covered": 100.0, "percent_covered_display": "100", "missing_lines": 0, "excluded_lines": 0, "percent_statements_covered": 100.0, "percent_statements_covered_display": "100", "num_branches": 0, "num_partial_branches": 0, "covered_branches": 0, "missing_branches": 0, "percent_branches_covered": 100.0, "percent_branches_covered_display": "100"}, "missing_lines": [], "excluded_lines": [], "start_line": 1, "contexts": {}, "executed_branches": [], "missing_branches": []}}}, "app/logic/game.py": {"executed_lines": [1, 3, 4, 6, 7, 8, 10, 22, 25, 26, 28, 30, 31, 33, 34, 35, 37, 38, 39, 40, 41, 43, 50, 51, 52, 53, 54, 55, 56, 57, 59, 61, 62, 63, 64, 65, 66, 67, 68, 69, 71, 73, 75, 78, 84, 85, 87, 88, 89, 90, 91, 94, 96, 99], "summary": {"covered_lines": 54, "num_statements": 77, "percent_covered": 64.60176991150442, "percent_covered_display": "65", "missing_lines": 23, "excluded_lines": 0, "percent_statements_covered": 70.12987012987013, "percent_statements_covered_display": "70", "num_branches": 36, "num_partial_branches": 1, "covered_branches": 19, "missing_branches": 17, "percent_branches_covered": 52.77777777777778, "percent_branches_covered_display": "53"}, "missing_lines": [27, 76, 79, 80, 81, 101, 102, 103, 104, 106, 108, 109, 110, 111, 112, 113, 114, 115, 116, 117, 119, 121, 124], "excluded_lines": [], "contexts": {"1": [""], "3": [""], "4": [""], "6": [""], "7": [""], "8": [""], "10": [""], "22": [""], "23": [""], "25": [""], "26": [""], "28": [""], "30": [""], "31": [""], "33": [""], "34": [""], "35": [""], "37": [""], "38": [""], "39": [""], "41": [""], "40": [""], "43": [""], "50": [""], "51": [""], "52": [""], "53": [""], "54": [""], "55": [""], "56": [""], "57": [""], "59": [""], "61": [""], "62": [""], "63": [""], "64": [""], "65": [""], "66": [""], "69": [""], "67": [""], "68": [""], "71": [""], "73": [""], "75": [""], "78": [""], "84": [""], "85": [""], "87": [""], "88": [""], "89": [""], "90": [""], "91": [""], "94": [""], "96": [""], "99": [""]}, "executed_branches": [[26, 28], [38, 39], [38, 41], [39, 38], [39, 40], [51, 52], [51, 53], [53, 54], [53, 55], [55, 56], [55, 57], [61, 62], [61, 63], [65, 66], [65, 69], [66, 65], [66, 67], [89, 90], [89, 91]], "missing_branches": [[26, 27], [79, 80], [79, 81], [103, 104], [103, 106], [106, 108], [106, 119], [110, 111], [110, 113], [111, 110], [111, 112], [113, 114], [113, 117], [115, 113], [115, 116], [119, 121], [119, 124]], "functions": {"State.__init__": {"executed_lines": [26, 28], "summary": {"covered_lines": 2, "num_statements": 3, "percent_covered": 60.0, "percent_covered_display": "60", "missing_lines": 1, "excluded_lines": 0, "percent_statements_covered": 66.66666666666667, "percent_statements_covered_display": "67", "num_branches": 2, "num_partial_branches": 1, "covered_branches": 1, "missing_branches": 1, "percent_branches_covered": 50.0, "percent_branches_covered_display": "50"}, "missing_lines": [27], "excluded_lines": [], "start_line": 25, "contexts": {"1": [""], "3": [""], "4": [""], "6": [""], "7": [""], "8": [""], "10": [""], "22": [""], "23": [""], "25": [""], "26": [""], "28": [""], "30": [""], "31": [""], "33": [""], "34": [""], "35": [""], "37": [""], "38": [""], "39": [""], "41": [""], "40": [""], "43": [""], "50": [""], "51": [""], "52": [""], "53": [""], "54": [""], "55": [""], "56": [""], "57": [""], "59": [""], "61": [""], "62": [""], "63": [""], "64": [""], "65": [""], "66": [""], "69": [""], "67": [""], "68": [""], "71": [""], "73": [""], "75": [""], "78": [""], "84": [""], "85": [""], "87": [""], "88": [""], "89": [""], "90": [""], "91": [""], "94": [""], "96": [""], "99": [""]}, "executed_branches": [[26, 28]], "missing_branches": [[26, 27]]}, "State.turn": {"executed_lines": [33, 34, 35], "summary": {"covered_lines": 3, "num_statements": 3, "percent_covered": 100.0, "percent_covered_display": "100", "missing_lines": 0, "excluded_lines": 0, "percent_statements_covered": 100.0, "percent_statements_covered_display": "100", "num_branches": 0, "num_partial_branches": 0, "covered_branches": 0, "missing_branches": 0, "percent_branches_covered": 100.0, "percent_branches_covered_display": "100"}, "missing_lines": [], "excluded_lines": [], "start_line": 31, "contexts": {"1": [""], "3": [""], "4": [""], "6": [""], "7": [""], "8": [""], "10": [""], "22": [""], "23": [""], "25": [""], "26": [""], "28": [""], "30": [""], "31": [""], "33": [""], "34": [""], "35": [""], "37": [""], "38": [""], "39": [""], "41": [""], "40": [""], "43": [""], "50": [""], "51": [""], "52": [""], "53": [""], "54": [""], "55": [""], "56": [""], "57": [""], "59": [""], "61": [""], "62": [""], "63": [""], "64": [""], "65": [""], "66": [""], "69": [""], "67": [""], "68": [""], "71": [""], "73": [""], "75": [""], "78": [""], "84": [""], "85": [""], "87": [""], "88": [""], "89": [""], "90": [""], "91": [""], "94": [""], "96": [""], "99": [""]}, "executed_branches": [], "missing_branches": []}, "State._winner": {"executed_lines": [38, 39, 40, 41], "summary": {"covered_lines": 4, "num_statements": 4, "percent_covered": 100.0, "percent_covered_display": "100", "missing_lines": 0, "excluded_lines": 0, "percent_statements_covered": 100.0, "percent_statements_covered_display": "100", "num_branches": 4, "num_partial_branches": 0, "covered_branches": 4, "missing_branches": 0, "percent_branches_covered": 100.0, "percent_branches_covered_display": "100"}, "missing_lines": [], "excluded_lines": [], "start_line": 37, "contexts": {"1": [""], "3": [""], "4": [""], "6": [""], "7": [""], "8": [""], "10": [""], "22": [""], "23": [""], "25": [""], "26": [""], "28": [""], "30": [""], "31": [""], "33": [""], "34": [""], "35": [""], "37": [""], "38": [""], "39": [""], "41": [""], "40": [""], "43": [""], "50": [""], "51": [""], "52": [""], "53": [""], "54": [""], "55": [""], "56": [""], "57": [""], "59": [""], "61": [""], "62": [""], "63": [""], "64": [""], "65": [""], "66": [""], "69": [""], "67": [""], "68": [""], "71": [""], "73": [""], "75": [""], "78": [""], "84": [""], "85": [""], "87": [""], "88": [""], "89": [""], "90": [""], "91": [""], "94": [""], "96": [""], "99": [""]}, "executed_branches": [[38, 39], [38, 41], [39, 38], [39, 40]], "missing_branches": []}, "State.score": {"executed_lines": [50, 51, 52, 53, 54, 55, 56, 57], "summary": {"covered_lines": 8, "num_statements": 8, "percent_covered": 100.0, "percent_covered_display": "100", "missing_lines": 0, "excluded_lines": 0, "percent_statements_covered": 100.0, "percent_statements_covered_display": "100", "num_branches": 6, "num_partial_branches": 0, "covered_branches": 6, "missing_branches": 0, "percent_branches_covered": 100.0, "percent_branches_covered_display": "100"}, "missing_lines": [], "excluded_lines": [], "start_line": 43, "contexts": {"1": [""], "3": [""], "4": [""], "6": [""], "7": [""], "8": [""], "10": [""], "22": [""], "23": [""], "25": [""], "26": [""], "28": [""], "30": [""], "31": [""], "33": [""], "34": [""], "35": [""], "37": [""], "38": [""], "39": [""], "41": [""], "40": [""], "43": [""], "50": [""], "51": [""], "52": [""], "53": [""], "54": [""], "55": [""], "56": [""], "57": [""], "59": [""], "61": [""], "62": [""], "63": [""], "64": [""], "65": [""], "66": [""], "69": [""], "67": [""], "68": [""], "71": [""], "73": [""], "75": [""], "78": [""], "84": [""], "85": [""], "87": [""], "88": [""], "89": [""], "90": [""], "91": [""], "94": [""], "96": [""], "99": [""]}, "executed_branches": [[51, 52], [51, 53], [53, 54], [53, 55], [55, 56], [55, 57]], "missing_branches": []}, "State.legal_moves": {"executed_lines": [61, 62, 63, 64, 65, 66, 67, 68, 69], "summary": {"covered_lines": 9, "num_statements": 9, "percent_covered": 100.0, "percent_covered_display": "100", "missing_lines": 0, "excluded_lines": 0, "percent_statements_covered": 100.0, "percent_statements_covered_display": "100", "num_branches": 6, "num_partial_branches": 0, "covered_branches": 6, "missing_branches": 0, "percent_branches_covered": 100.0, "percent_branches_covered_display": "100"}, "missing_lines": [], "excluded_lines": [], "start_line": 59, "contexts": {"1": [""], "3": [""], "4": [""], "6": [""], "7": [""], "8": [""], "10": [""], "22": [""], "23": [""], "25": [""], "26": [""], "28": [""], "30": [""], "31": [""], "33": [""], "34": [""], "35": [""], "37": [""], "38": [""], "39": [""], "41": [""], "40": [""], "43": [""], "50": [""], "51": [""], "52": [""], "53": [""], "54": [""], "55": [""], "56": [""], "57": [""], "59": [""], "61": [""], "62": [""], "63": [""], "64": [""], "65": [""], "66": [""], "69": [""], "67": [""], "68": [""], "71": [""], "73": [""], "75": [""], "78": [""], "84": [""], "85": [""], "87": [""], "88": [""], "89": [""], "90": [""], "91": [""], "94": [""], "96": [""], "99": [""]}, "executed_branches": [[61, 62], [61, 63], [65, 66], [65, 69], [66, 65], [66, 67]], "missing_branches": []}, "State.is_terminal": {"executed_lines": [73], "summary": {"covered_lines": 1, "num_statements": 1, "percent_covered": 100.0, "percent_covered_display": "100", "missing_lines": 0, "excluded_lines": 0, "percent_statements_covered": 100.0, "percent_statements_covered_display": "100", "num_branches": 0, "num_partial_branches": 0, "covered_branches": 0, "missing_branches": 0, "percent_branches_covered": 100.0, "percent_branches_covered_display": "100"}, "missing_lines": [], "excluded_lines": [], "start_line": 71, "contexts": {"1": [""], "3": [""], "4": [""], "6": [""], "7": [""], "8": [""], "10": [""], "22": [""], "23": [""], "25": [""], "26": [""], "28": [""], "30": [""], "31": [""], "33": [""], "34": [""], "35": [""], "37": [""], "38": [""], "39": [""], "41": [""], "40": [""], "43": [""], "50": [""], "51": [""], "52": [""], "53": [""], "54": [""], "55": [""], "56": [""], "57": [""], "59": [""], "61": [""], "62": [""], "63": [""], "64": [""], "65": [""], "66": [""], "69": [""], "67": [""], "68": [""], "71": [""], "73": [""], "75": [""], "78": [""], "84": [""], "85": [""], "87": [""], "88": [""], "89": [""], "90": [""], "91": [""], "94": [""], "96": [""], "99": [""]}, "executed_branches": [], "missing_branches": []}, "State.__hash__": {"executed_lines": [], "summary": {"covered_lines": 0, "num_statements": 1, "percent_covered": 0.0, "percent_covered_display": "0", "missing_lines": 1, "excluded_lines": 0, "percent_statements_covered": 0.0, "percent_statements_covered_display": "0", "num_branches": 0, "num_partial_branches": 0, "covered_branches": 0, "missing_branches": 0, "percent_branches_covered": 100.0, "percent_branches_covered_display": "100"}, "missing_lines": [76], "excluded_lines": [], "start_line": 75, "contexts": {"1": [""], "3": [""], "4": [""], "6": [""], "7": [""], "8": [""], "10": [""], "22": [""], "23": [""], "25": [""], "26": [""], "28": [""], "30": [""], "31": [""], "33": [""], "34": [""], "35": [""], "37": [""], "38": [""], "39": [""], "41": [""], "40": [""], "43": [""], "50": [""], "51": [""], "52": [""], "53": [""], "54": [""], "55": [""], "56": [""], "57": [""], "59": [""], "61": [""], "62": [""], "63": [""], "64": [""], "65": [""], "66": [""], "69": [""], "67": [""], "68": [""], "71": [""], "73": [""], "75": [""], "78": [""], "84": [""], "85": [""], "87": [""], "88": [""], "89": [""], "90": [""], "91": [""], "94": [""], "96": [""], "99": [""]}, "executed_branches": [], "missing_branches": []}, "State.__eq__": {"executed_lines": [], "summary": {"covered_lines": 0, "num_statements": 3, "percent_covered": 0.0, "percent_covered_display": "0", "missing_lines": 3, "excluded_lines": 0, "percent_statements_covered": 0.0, "percent_statements_covered_display": "0", "num_branches": 2, "num_partial_branches": 0, "covered_branches": 0, "missing_branches": 2, "percent_branches_covered": 0.0, "percent_branches_covered_display": "0"}, "missing_lines": [79, 80, 81], "excluded_lines": [], "start_line": 78, "contexts": {"1": [""], "3": [""], "4": [""], "6": [""], "7": [""], "8": [""], "10": [""], "22": [""], "23": [""], "25": [""], "26": [""], "28": [""], "30": [""], "31": [""], "33": [""], "34": [""], "35": [""], "37": [""], "38": [""], "39": [""], "41": [""], "40": [""], "43": [""], "50": [""], "51": [""], "52": [""], "53": [""], "54": [""], "55": [""], "56": [""], "57": [""], "59": [""], "61": [""], "62": [""], "63": [""], "64": [""], "65": [""], "66": [""], "69": [""], "67": [""], "68": [""], "71": [""], "73": [""], "75": [""], "78": [""], "84": [""], "85": [""], "87": [""], "88": [""], "89": [""], "90": [""], "91": [""], "94": [""], "96": [""], "99": [""]}, "executed_branches": [], "missing_branches": [[79, 80], [79, 81]]}, "_count_sub_games": {"executed_lines": [87, 88, 89, 90, 91], "summary": {"covered_lines": 5, "num_statements": 5, "percent_covered": 100.0, "percent_covered_display": "100", "missing_lines": 0, "excluded_lines": 0, "percent_statements_covered": 100.0, "percent_statements_covered_display": "100", "num_branches": 2, "num_partial_branches": 0, "covered_branches": 2, "missing_branches": 0, "percent_branches_covered": 100.0, "percent_branches_covered_display": "100"}, "missing_lines": [], "excluded_lines": [], "start_line": 85, "contexts": {"1": [""], "3": [""], "4": [""], "6": [""], "7": [""], "8": [""], "10": [""], "22": [""], "23": [""], "25": [""], "26": [""], "28": [""], "30": [""], "31": [""], "33": [""], "34": [""], "35": [""], "37": [""], "38": [""], "39": [""], "41": [""], "40": [""], "43": [""], "50": [""], "51": [""], "52": [""], "53": [""], "54": [""], "55": [""], "56": [""], "57": [""], "59": [""], "61": [""], "62": [""], "63": [""], "64": [""], "65": [""], "66": [""], "69": [""], "67": [""], "68": [""], "71": [""], "73": [""], "75": [""], "78": [""], "84": [""], "85": [""], "87": [""], "88": [""], "89": [""], "90": [""], "91": [""], "94": [""], "96": [""], "99": [""]}, "executed_branches": [[89, 90], [89, 91]], "missing_branches": []}, "count_games": {"executed_lines": [96], "summary": {"covered_lines": 1, "num_statements": 1, "percent_covered": 100.0, "percent_covered_display": "100", "missing_lines": 0, "excluded_lines": 0, "percent_statements_covered": 100.0, "percent_statements_covered_display": "100", "num_branches": 0, "num_partial_branches": 0, "covered_branches": 0, "missing_branches": 0, "percent_branches_covered": 100.0, "percent_branches_covered_display": "100"}, "missing_lines": [], "excluded_lines": [], "start_line": 94, "contexts": {"1": [""], "3": [""], "4": [""], "6": [""], "7": [""], "8": [""], "10": [""], "22": [""], "23": [""], "25": [""], "26": [""], "28": [""], "30": [""], "31": [""], "33": [""], "34": [""], "35": [""], "37": [""], "38": [""], "39": [""], "41": [""], "40": [""], "43": [""], "50": [""], "51": [""], "52": [""], "53": [""], "54": [""], "55": [""], "56": [""], "57": [""], "59": [""], "61": [""], "62": [""], "63": [""], "64": [""], "65": [""], "66": [""], "69": [""], "67": [""], "68": [""], "71": [""], "73": [""], "75": [""], "78": [""], "84": [""], "85": [""], "87": [""], "88": [""], "89": [""], "90": [""], "91": [""], "94": [""], "96": [""], "99": [""]}, "executed_branches": [], "missing_branches": []}, "bot_move": {"executed_lines": [], "summary": {"covered_lines": 0, "num_statements": 18, "percent_covered": 0.0, "percent_covered_display": "0", "missing_lines": 18, "excluded_lines": 0, "percent_statements_covered": 0.0, "percent_statements_covered_display": "0", "num_branches": 14, "num_partial_branches": 0, "covered_branches": 0, "missing_branches": 14, "percent_branches_covered": 0.0, "percent_branches_covered_display": "0"}, "missing_lines": [101, 102, 103, 104, 106, 108, 109, 110, 111, 112, 113, 114, 115, 116, 117, 119, 121, 124], "excluded_lines": [], "start_line": 99, "contexts": {"1": [""], "3": [""], "4": [""], "6": [""], "7": [""], "8": [""], "10": [""], "22": [""], "23": [""], "25": [""], "26": [""], "28": [""], "30": [""], "31": [""], "33": [""], "34": [""], "35": [""], "37": [""], "38": [""], "39": [""], "41": [""], "40": [""], "43": [""], "50": [""], "51": [""], "52": [""], "53": [""], "54": [""], "55": [""], "56": [""], "57": [""], "59": [""], "61": [""], "62": [""], "63": [""], "64": [""], "65": [""], "66": [""], "69": [""], "67": [""], "68": [""], "71": [""], "73": [""], "75": [""], "78": [""], "84": [""], "85": [""], "87": [""], "88": [""], "89": [""], "90": [""], "91": [""], "94": [""], "96": [""], "99": [""]}, "executed_branches": [], "missing_branches": [[103, 104], [103, 106], [106, 108], [106, 119], [110, 111], [110, 113], [111, 110], [111, 112], [113, 114], [113, 117], [115, 113], [115, 116], [119, 121], [119, 124]]}, "": {"executed_lines": [1, 3, 4, 6, 7, 8, 10, 22, 25, 30, 31, 37, 43, 59, 71, 75, 78, 84, 85, 94, 99], "summary": {"covered_lines": 21, "num_statements": 21, "percent_covered": 100.0, "percent_covered_display": "100", "missing_lines": 0, "excluded_lines": 0, "percent_statements_covered": 100.0, "percent_statements_covered_display": "100", "num_branches": 0, "num_partial_branches": 0, "covered_branches": 0, "missing_branches": 0, "percent_branches_covered": 100.0, "percent_branches_covered_display": "100"}, "missing_lines": [], "excluded_lines": [], "start_line": 1, "contexts": {"1": [""], "3": [""], "4": [""], "6": [""], "7": [""], "8": [""], "10": [""], "22": [""], "23": [""], "25": [""], "26": [""], "28": [""], "30": [""], "31": [""], "33": [""], "34": [""], "35": [""], "37": [""], "38": [""], "39": [""], "41": [""], "40": [""], "43": [""], "50": [""], "51": [""], "52": [""], "53": [""], "54": [""], "55": [""], "56": [""], "57": [""], "59": [""], "61": [""], "62": [""], "63": [""], "64": [""], "65": [""], "66": [""], "69": [""], "67": [""], "68": [""], "71": [""], "73": [""], "75": [""], "78": [""], "84": [""], "85": [""], "87": [""], "88": [""], "89": [""], "90": [""], "91": [""], "94": [""], "96": [""], "99": [""]}, "executed_branches": [], "missing_branches": []}}, "classes": {"State": {"executed_lines": [26, 28, 33, 34, 35, 38, 39, 40, 41, 50, 51, 52, 53, 54, 55, 56, 57, 61, 62, 63, 64, 65, 66, 67, 68, 69, 73], "summary": {"covered_lines": 27, "num_statements": 32, "percent_covered": 84.61538461538461, "percent_covered_display": "85", "missing_lines": 5, "excluded_lines": 0, "percent_statements_covered": 84.375, "percent_statements_covered_display": "84", "num_branches": 20, "num_partial_branches": 1, "covered_branches": 17, "missing_branches": 3, "percent_branches_covered": 85.0, "percent_branches_covered_display": "85"}, "missing_lines": [27, 76, 79, 80, 81], "excluded_lines": [], "start_line": 22, "contexts": {"1": [""], "3": [""], "4": [""], "6": [""], "7": [""], "8": [""], "10": [""], "22": [""], "23": [""], "25": [""], "26": [""], "28": [""], "30": [""], "31": [""], "33": [""], "34": [""], "35": [""], "37": [""], "38": [""], "39": [""], "41": [""], "40": [""], "43": [""], "50": [""], "51": [""], "52": [""], "53": [""], "54": [""], "55": [""], "56": [""], "57": [""], "59": [""], "61": [""], "62": [""], "63": [""], "64": [""], "65": [""], "66": [""], "69": [""], "67": [""], "68": [""], "71": [""], "73": [""], "75": [""], "78": [""], "84": [""], "85": [""], "87": [""], "88": [""], "89": [""], "90": [""], "91": [""], "94": [""], "96": [""], "99": [""]}, "executed_branches": [[26, 28], [38, 39], [38, 41], [39, 38], [39, 40], [51, 52], [51, 53], [53, 54], [53, 55], [55, 56], [55, 57], [61, 62], [61, 63], [65, 66], [65, 69], [66, 65], [66, 67]], "missing_branches": [[26, 27], [79, 80], [79, 81]]}, "": {"executed_lines": [1, 3, 4, 6, 7, 8, 10, 22, 25, 30, 31, 37, 43, 59, 71, 75, 78, 84, 85, 87, 88, 89, 90, 91, 94, 96, 99], "summary": {"covered_lines": 27, "num_statements": 45, "percent_covered": 47.540983606557376, "percent_covered_display": "48", "missing_lines": 18, "excluded_lines": 0, "percent_statements_covered": 60.0, "percent_statements_covered_display": "60", "num_branches": 16, "num_partial_branches": 0, "covered_branches": 2, "missing_branches": 14, "percent_branches_covered": 12.5, "percent_branches_covered_display": "12"}, "missing_lines": [101, 102, 103, 104, 106, 108, 109, 110, 111, 112, 113, 114, 115, 116, 117, 119, 121, 124], "excluded_lines": [], "start_line": 1, "contexts": {"1": [""], "3": [""], "4": [""], "6": [""], "7": [""], "8": [""], "10": [""], "22": [""], "23": [""], "25": [""], "26": [""], "28": [""], "30": [""], "31": [""], "33": [""], "34": [""], "35": [""], "37": [""], "38": [""], "39": [""], "41": [""], "40": [""], "43": [""], "50": [""], "51": [""], "52": [""], "53": [""], "54": [""], "55": [""], "56": [""], "57": [""], "59": [""], "61": [""], "62": [""], "63": [""], "64": [""], "65": [""], "66": [""], "69": [""], "67": [""], "68": [""], "71": [""], "73": [""], "75": [""], "78": [""], "84": [""], "85": [""], "87": [""], "88": [""], "89": [""], "90": [""], "91": [""], "94": [""], "96": [""], "99": [""]}, "executed_branches": [[89, 90], [89, 91]], "missing_branches": [[103, 104], [103, 106], [106, 108], [106, 119], [110, 111], [110, 113], [111, 110], [111, 112], [113, 114], [113, 117], [115, 113], [115, 116], [119, 121], [119, 124]]}}}, "app/logic/stats.py": {"executed_lines": [1, 3, 4, 6, 9, 10, 17, 18, 21, 23, 24, 25, 26, 29, 31, 32, 33, 34, 35, 36, 38, 39, 42, 47, 48, 49, 51, 52, 53, 54, 55, 56, 58, 61, 63, 64, 65, 66, 69, 87], "summary": {"covered_lines": 40, "num_statements": 60, "percent_covered": 61.95652173913044, "percent_covered_display": "62", "missing_lines": 20, "excluded_lines": 0, "percent_statements_covered": 66.66666666666667, "percent_statements_covered_display": "67", "num_branches": 32, "num_partial_branches": 3, "covered_branches": 17, "missing_branches": 15, "percent_branches_covered": 53.125, "percent_branches_covered_display": "53"}, "missing_lines": [50, 57, 75, 76, 77, 78, 79, 80, 82, 83, 84, 89, 90, 91, 92, 93, 94, 95, 97, 98], "excluded_lines": [], "contexts": {"1": [""], "3": [""], "4": [""], "6": [""], "9": [""], "10": [""], "11": [""], "17": [""], "18": [""], "21": [""], "23": [""], "24": [""], "25": [""], "26": [""], "29": [""], "31": [""], "32": [""], "33": [""], "39": [""], "34": [""], "35": [""], "36": [""], "38": [""], "42": [""], "47": [""], "48": [""], "49": [""], "56": [""], "51": [""], "52": [""], "53": [""], "54": [""], "55": [""], "58": [""], "61": [""], "63": [""], "64": [""], "65": [""], "66": [""], "69": [""], "87": [""]}, "executed_branches": [[23, 24], [23, 25], [32, 33], [32, 39], [33, 34], [33, 35], [35, 36], [35, 38], [48, 49], [48, 56], [49, 51], [52, 53], [53, 52], [53, 54], [56, 58], [63, 64], [63, 65]], "missing_branches": [[49, 50], [52, 48], [56, 57], [75, 76], [75, 77], [78, 79], [78, 84], [79, 80], [79, 82], [91, 92], [91, 98], [92, 93], [92, 97], [94, 91], [94, 95]], "functions": {"calculate_win_rate": {"executed_lines": [23, 24, 25, 26], "summary": {"covered_lines": 4, "num_statements": 4, "percent_covered": 100.0, "percent_covered_display": "100", "missing_lines": 0, "excluded_lines": 0, "percent_statements_covered": 100.0, "percent_statements_covered_display": "100", "num_branches": 2, "num_partial_branches": 0, "covered_branches": 2, "missing_branches": 0, "percent_branches_covered": 100.0, "percent_branches_covered_display": "100"}, "missing_lines": [], "excluded_lines": [], "start_line": 21, "contexts": {"1": [""], "3": [""], "4": [""], "6": [""], "9": [""], "10": [""], "11": [""], "17": [""], "18": [""], "21": [""], "23": [""], "24": [""], "25": [""], "26": [""], "29": [""], "31": [""], "32": [""], "33": [""], "39": [""], "34": [""], "35": [""], "36": [""], "38": [""], "42": [""], "47": [""], "48": [""], "49": [""], "56": [""], "51": [""], "52": [""], "53": [""], "54": [""], "55": [""], "58": [""], "61": [""], "63": [""], "64": [""], "65": [""], "66": [""], "69": [""], "87": [""]}, "executed_branches": [[23, 24], [23, 25]], "missing_branches": []}, "count_outcomes": {"executed_lines": [31, 32, 33, 34, 35, 36, 38, 39], "summary": {"covered_lines": 8, "num_statements": 8, "percent_covered": 100.0, "percent_covered_display": "100", "missing_lines": 0, "excluded_lines": 0, "percent_statements_covered": 100.0, "percent_statements_covered_display": "100", "num_branches": 6, "num_partial_branches": 0, "covered_branches": 6, "missing_branches": 0, "percent_branches_covered": 100.0, "percent_branches_covered_display": "100"}, "missing_lines": [], "excluded_lines": [], "start_line": 29, "contexts": {"1": [""], "3": [""], "4": [""], "6": [""], "9": [""], "10": [""], "11": [""], "17": [""], "18": [""], "21": [""], "23": [""], "24": [""], "25": [""], "26": [""], "29": [""], "31": [""], "32": [""], "33": [""], "39": [""], "34": [""], "35": [""], "36": [""], "38": [""], "42": [""], "47": [""], "48": [""], "49": [""], "56": [""], "51": [""], "52": [""], "53": [""], "54": [""], "55": [""], "58": [""], "61": [""], "63": [""], "64": [""], "65": [""], "66": [""], "69": [""], "87": [""]}, "executed_branches": [[32, 33], [32, 39], [33, 34], [33, 35], [35, 36], [35, 38]], "missing_branches": []}, "most_common_first_move": {"executed_lines": [47, 48, 49, 51, 52, 53, 54, 55, 56, 58], "summary": {"covered_lines": 10, "num_statements": 12, "percent_covered": 77.27272727272727, "percent_covered_display": "77", "missing_lines": 2, "excluded_lines": 0, "percent_statements_covered": 83.33333333333333, "percent_statements_covered_display": "83", "num_branches": 10, "num_partial_branches": 3, "covered_branches": 7, "missing_branches": 3, "percent_branches_covered": 70.0, "percent_branches_covered_display": "70"}, "missing_lines": [50, 57], "excluded_lines": [], "start_line": 42, "contexts": {"1": [""], "3": [""], "4": [""], "6": [""], "9": [""], "10": [""], "11": [""], "17": [""], "18": [""], "21": [""], "23": [""], "24": [""], "25": [""], "26": [""], "29": [""], "31": [""], "32": [""], "33": [""], "39": [""], "34": [""], "35": [""], "36": [""], "38": [""], "42": [""], "47": [""], "48": [""], "49": [""], "56": [""], "51": [""], "52": [""], "53": [""], "54": [""], "55": [""], "58": [""], "61": [""], "63": [""], "64": [""], "65": [""], "66": [""], "69": [""], "87": [""]}, "executed_branches": [[48, 49], [48, 56], [49, 51], [52, 53], [53, 52], [53, 54], [56, 58]], "missing_branches": [[49, 50], [52, 48], [56, 57]]}, "average_game_length": {"executed_lines": [63, 64, 65, 66], "summary": {"covered_lines": 4, "num_statements": 4, "percent_covered": 100.0, "percent_covered_display": "100", "missing_lines": 0, "excluded_lines": 0, "percent_statements_covered": 100.0, "percent_statements_covered_display": "100", "num_branches": 2, "num_partial_branches": 0, "covered_branches": 2, "missing_branches": 0, "percent_branches_covered": 100.0, "percent_branches_covered_display": "100"}, "missing_lines": [], "excluded_lines": [], "start_line": 61, "contexts": {"1": [""], "3": [""], "4": [""], "6": [""], "9": [""], "10": [""], "11": [""], "17": [""], "18": [""], "21": [""], "23": [""], "24": [""], "25": [""], "26": [""], "29": [""], "31": [""], "32": [""], "33": [""], "39": [""], "34": [""], "35": [""], "36": [""], "38": [""], "42": [""], "47": [""], "48": [""], "49": [""], "56": [""], "51": [""], "52": [""], "53": [""], "54": [""], "55": [""], "58": [""], "61": [""], "63": [""], "64": [""], "65": [""], "66": [""], "69": [""], "87": [""]}, "executed_branches": [[63, 64], [63, 65]], "missing_branches": []}, "player_dominance_score": {"executed_lines": [], "summary": {"covered_lines": 0, "num_statements": 9, "percent_covered": 0.0, "percent_covered_display": "0", "missing_lines": 9, "excluded_lines": 0, "percent_statements_covered": 0.0, "percent_statements_covered_display": "0", "num_branches": 6, "num_partial_branches": 0, "covered_branches": 0, "missing_branches": 6, "percent_branches_covered": 0.0, "percent_branches_covered_display": "0"}, "missing_lines": [75, 76, 77, 78, 79, 80, 82, 83, 84], "excluded_lines": [], "start_line": 69, "contexts": {"1": [""], "3": [""], "4": [""], "6": [""], "9": [""], "10": [""], "11": [""], "17": [""], "18": [""], "21": [""], "23": [""], "24": [""], "25": [""], "26": [""], "29": [""], "31": [""], "32": [""], "33": [""], "39": [""], "34": [""], "35": [""], "36": [""], "38": [""], "42": [""], "47": [""], "48": [""], "49": [""], "56": [""], "51": [""], "52": [""], "53": [""], "54": [""], "55": [""], "58": [""], "61": [""], "63": [""], "64": [""], "65": [""], "66": [""], "69": [""], "87": [""]}, "executed_branches": [], "missing_branches": [[75, 76], [75, 77], [78, 79], [78, 84], [79, 80], [79, 82]]}, "find_longest_win_streak": {"executed_lines": [], "summary": {"covered_lines": 0, "num_statements": 9, "percent_covered": 0.0, "percent_covered_display": "0", "missing_lines": 9, "excluded_lines": 0, "percent_statements_covered": 0.0, "percent_statements_covered_display": "0", "num_branches": 6, "num_partial_branches": 0, "covered_branches": 0, "missing_branches": 6, "percent_branches_covered": 0.0, "percent_branches_covered_display": "0"}, "missing_lines": [89, 90, 91, 92, 93, 94, 95, 97, 98], "excluded_lines": [], "start_line": 87, "contexts": {"1": [""], "3": [""], "4": [""], "6": [""], "9": [""], "10": [""], "11": [""], "17": [""], "18": [""], "21": [""], "23": [""], "24": [""], "25": [""], "26": [""], "29": [""], "31": [""], "32": [""], "33": [""], "39": [""], "34": [""], "35": [""], "36": [""], "38": [""], "42": [""], "47": [""], "48": [""], "49": [""], "56": [""], "51": [""], "52": [""], "53": [""], "54": [""], "55": [""], "58": [""], "61": [""], "63": [""], "64": [""], "65": [""], "66": [""], "69": [""], "87": [""]}, "executed_branches": [], "missing_branches": [[91, 92], [91, 98], [92, 93], [92, 97], [94, 91], [94, 95]]}, "": {"executed_lines": [1, 3, 4, 6, 9, 10, 17, 18, 21, 29, 42, 61, 69, 87], "summary": {"covered_lines": 14, "num_statements": 14, "percent_covered": 100.0, "percent_covered_display": "100", "missing_lines": 0, "excluded_lines": 0, "percent_statements_covered": 100.0, "percent_statements_covered_display": "100", "num_branches": 0, "num_partial_branches": 0, "covered_branches": 0, "missing_branches": 0, "percent_branches_covered": 100.0, "percent_branches_covered_display": "100"}, "missing_lines": [], "excluded_lines": [], "start_line": 1, "contexts": {"1": [""], "3": [""], "4": [""], "6": [""], "9": [""], "10": [""], "11": [""], "17": [""], "18": [""], "21": [""], "23": [""], "24": [""], "25": [""], "26": [""], "29": [""], "31": [""], "32": [""], "33": [""], "39": [""], "34": [""], "35": [""], "36": [""], "38": [""], "42": [""], "47": [""], "48": [""], "49": [""], "56": [""], "51": [""], "52": [""], "53": [""], "54": [""], "55": [""], "58": [""], "61": [""], "63": [""], "64": [""], "65": [""], "66": [""], "69": [""], "87": [""]}, "executed_branches": [], "missing_branches": []}}, "classes": {"GameRecord": {"executed_lines": [], "summary": {"covered_lines": 0, "num_statements": 0, "percent_covered": 100.0, "percent_covered_display": "100", "missing_lines": 0, "excluded_lines": 0, "percent_statements_covered": 100.0, "percent_statements_covered_display": "100", "num_branches": 0, "num_partial_branches": 0, "covered_branches": 0, "missing_branches": 0, "percent_branches_covered": 100.0, "percent_branches_covered_display": "100"}, "missing_lines": [], "excluded_lines": [], "start_line": 10, "contexts": {"1": [""], "3": [""], "4": [""], "6": [""], "9": [""], "10": [""], "11": [""], "17": [""], "18": [""], "21": [""], "23": [""], "24": [""], "25": [""], "26": [""], "29": [""], "31": [""], "32": [""], "33": [""], "39": [""], "34": [""], "35": [""], "36": [""], "38": [""], "42": [""], "47": [""], "48": [""], "49": [""], "56": [""], "51": [""], "52": [""], "53": [""], "54": [""], "55": [""], "58": [""], "61": [""], "63": [""], "64": [""], "65": [""], "66": [""], "69": [""], "87": [""]}, "executed_branches": [], "missing_branches": []}, "": {"executed_lines": [1, 3, 4, 6, 9, 10, 17, 18, 21, 23, 24, 25, 26, 29, 31, 32, 33, 34, 35, 36, 38, 39, 42, 47, 48, 49, 51, 52, 53, 54, 55, 56, 58, 61, 63, 64, 65, 66, 69, 87], "summary": {"covered_lines": 40, "num_statements": 60, "percent_covered": 61.95652173913044, "percent_covered_display": "62", "missing_lines": 20, "excluded_lines": 0, "percent_statements_covered": 66.66666666666667, "percent_statements_covered_display": "67", "num_branches": 32, "num_partial_branches": 3, "covered_branches": 17, "missing_branches": 15, "percent_branches_covered": 53.125, "percent_branches_covered_display": "53"}, "missing_lines": [50, 57, 75, 76, 77, 78, 79, 80, 82, 83, 84, 89, 90, 91, 92, 93, 94, 95, 97, 98], "excluded_lines": [], "start_line": 1, "contexts": {"1": [""], "3": [""], "4": [""], "6": [""], "9": [""], "10": [""], "11": [""], "17": [""], "18": [""], "21": [""], "23": [""], "24": [""], "25": [""], "26": [""], "29": [""], "31": [""], "32": [""], "33": [""], "39": [""], "34": [""], "35": [""], "36": [""], "38": [""], "42": [""], "47": [""], "48": [""], "49": [""], "56": [""], "51": [""], "52": [""], "53": [""], "54": [""], "55": [""], "58": [""], "61": [""], "63": [""], "64": [""], "65": [""], "66": [""], "69": [""], "87": [""]}, "executed_branches": [[23, 24], [23, 25], [32, 33], [32, 39], [33, 34], [33, 35], [35, 36], [35, 38], [48, 49], [48, 56], [49, 51], [52, 53], [53, 52], [53, 54], [56, 58], [63, 64], [63, 65]], "missing_branches": [[49, 50], [52, 48], [56, 57], [75, 76], [75, 77], [78, 79], [78, 84], [79, 80], [79, 82], [91, 92], [91, 98], [92, 93], [92, 97], [94, 91], [94, 95]]}}}, "app/main.py": {"executed_lines": [1, 3], "summary": {"covered_lines": 2, "num_statements": 2, "percent_covered": 100.0, "percent_covered_display": "100", "missing_lines": 0, "excluded_lines": 0, "percent_statements_covered": 100.0, "percent_statements_covered_display": "100", "num_branches": 0, "num_partial_branches": 0, "covered_branches": 0, "missing_branches": 0, "percent_branches_covered": 100.0, "percent_branches_covered_display": "100"}, "missing_lines": [], "excluded_lines": [], "contexts": {"1": [""], "3": [""]}, "executed_branches": [], "missing_branches": [], "functions": {"": {"executed_lines": [1, 3], "summary": {"covered_lines": 2, "num_statements": 2, "percent_covered": 100.0, "percent_covered_display": "100", "missing_lines": 0, "excluded_lines": 0, "percent_statements_covered": 100.0, "percent_statements_covered_display": "100", "num_branches": 0, "num_partial_branches": 0, "covered_branches": 0, "missing_branches": 0, "percent_branches_covered": 100.0, "percent_branches_covered_display": "100"}, "missing_lines": [], "excluded_lines": [], "start_line": 1, "contexts": {"1": [""], "3": [""]}, "executed_branches": [], "missing_branches": []}}, "classes": {"": {"executed_lines": [1, 3], "summary": {"covered_lines": 2, "num_statements": 2, "percent_covered": 100.0, "percent_covered_display": "100", "missing_lines": 0, "excluded_lines": 0, "percent_statements_covered": 100.0, "percent_statements_covered_display": "100", "num_branches": 0, "num_partial_branches": 0, "covered_branches": 0, "missing_branches": 0, "percent_branches_covered": 100.0, "percent_branches_covered_display": "100"}, "missing_lines": [], "excluded_lines": [], "start_line": 1, "contexts": {"1": [""], "3": [""]}, "executed_branches": [], "missing_branches": []}}}, "app/models/__init__.py": {"executed_lines": [], "summary": {"covered_lines": 0, "num_statements": 0, "percent_covered": 100.0, "percent_covered_display": "100", "missing_lines": 0, "excluded_lines": 0, "percent_statements_covered": 100.0, "percent_statements_covered_display": "100", "num_branches": 0, "num_partial_branches": 0, "covered_branches": 0, "missing_branches": 0, "percent_branches_covered": 100.0, "percent_branches_covered_display": "100"}, "missing_lines": [], "excluded_lines": [], "contexts": {}, "executed_branches": [], "missing_branches": [], "functions": {"": {"executed_lines": [], "summary": {"covered_lines": 0, "num_statements": 0, "percent_covered": 100.0, "percent_covered_display": "100", "missing_lines": 0, "excluded_lines": 0, "percent_statements_covered": 100.0, "percent_statements_covered_display": "100", "num_branches": 0, "num_partial_branches": 0, "covered_branches": 0, "missing_branches": 0, "percent_branches_covered": 100.0, "percent_branches_covered_display": "100"}, "missing_lines": [], "excluded_lines": [], "start_line": 1, "contexts": {}, "executed_branches": [], "missing_branches": []}}, "classes": {"": {"executed_lines": [], "summary": {"covered_lines": 0, "num_statements": 0, "percent_covered": 100.0, "percent_covered_display": "100", "missing_lines": 0, "excluded_lines": 0, "percent_statements_covered": 100.0, "percent_statements_covered_display": "100", "num_branches": 0, "num_partial_branches": 0, "covered_branches": 0, "missing_branches": 0, "percent_branches_covered": 100.0, "percent_branches_covered_display": "100"}, "missing_lines": [], "excluded_lines": [], "start_line": 1, "contexts": {}, "executed_branches": [], "missing_branches": []}}}, "app/models/game.py": {"executed_lines": [1, 3, 6, 7, 10, 14, 15, 18, 22, 26, 27, 28, 31], "summary": {"covered_lines": 13, "num_statements": 13, "percent_covered": 100.0, "percent_covered_display": "100", "missing_lines": 0, "excluded_lines": 0, "percent_statements_covered": 100.0, "percent_statements_covered_display": "100", "num_branches": 0, "num_partial_branches": 0, "covered_branches": 0, "missing_branches": 0, "percent_branches_covered": 100.0, "percent_branches_covered_display": "100"}, "missing_lines": [], "excluded_lines": [], "contexts": {"1": [""], "3": [""], "6": [""], "7": [""], "10": [""], "14": [""], "15": [""], "18": [""], "22": [""], "26": [""], "27": [""], "28": [""], "31": [""]}, "executed_branches": [], "missing_branches": [], "functions": {"": {"executed_lines": [1, 3, 6, 7, 10, 14, 15, 18, 22, 26, 27, 28, 31], "summary": {"covered_lines": 13, "num_statements": 13, "percent_covered": 100.0, "percent_covered_display": "100", "missing_lines": 0, "excluded_lines": 0, "percent_statements_covered": 100.0, "percent_statements_covered_display": "100", "num_branches": 0, "num_partial_branches": 0, "covered_branches": 0, "missing_branches": 0, "percent_branches_covered": 100.0, "percent_branches_covered_display": "100"}, "missing_lines": [], "excluded_lines": [], "start_line": 1, "contexts": {"1": [""], "3": [""], "6": [""], "7": [""], "10": [""], "14": [""], "15": [""], "18": [""], "22": [""], "26": [""], "27": [""], "28": [""], "31": [""]}, "executed_branches": [], "missing_branches": []}}, "classes": {"AnalyzeRequest": {"executed_lines": [], "summary": {"covered_lines": 0, "num_statements": 0, "percent_covered": 100.0, "percent_covered_display": "100", "missing_lines": 0, "excluded_lines": 0, "percent_statements_covered": 100.0, "percent_statements_covered_display": "100", "num_branches": 0, "num_partial_branches": 0, "covered_branches": 0, "missing_branches": 0, "percent_branches_covered": 100.0, "percent_branches_covered_display": "100"}, "missing_lines": [], "excluded_lines": [], "start_line": 6, "contexts": {"1": [""], "3": [""], "6": [""], "7": [""], "10": [""], "14": [""], "15": [""], "18": [""], "22": [""], "26": [""], "27": [""], "28": [""], "31": [""]}, "executed_branches": [], "missing_branches": []}, "AnalyzeResponse": {"executed_lines": [], "summary": {"covered_lines": 0, "num_statements": 0, "percent_covered": 100.0, "percent_covered_display": "100", "missing_lines": 0, "excluded_lines": 0, "percent_statements_covered": 100.0, "percent_statements_covered_display": "100", "num_branches": 0, "num_partial_branches": 0, "covered_branches": 0, "missing_branches": 0, "percent_branches_covered": 100.0, "percent_branches_covered_display": "100"}, "missing_lines": [], "excluded_lines": [], "start_line": 10, "contexts": {"1": [""], "3": [""], "6": [""], "7": [""], "10": [""], "14": [""], "15": [""], "18": [""], "22": [""], "26": [""], "27": [""], "28": [""], "31": [""]}, "executed_branches": [], "missing_branches": []}, "NextStatesRequest": {"executed_lines": [], "summary": {"covered_lines": 0, "num_statements": 0, "percent_covered": 100.0, "percent_covered_display": "100", "missing_lines": 0, "excluded_lines": 0, "percent_statements_covered": 100.0, "percent_statements_covered_display": "100", "num_branches": 0, "num_partial_branches": 0, "covered_branches": 0, "missing_branches": 0, "percent_branches_covered": 100.0, "percent_branches_covered_display": "100"}, "missing_lines": [], "excluded_lines": [], "start_line": 14, "contexts": {"1": [""], "3": [""], "6": [""], "7": [""], "10": [""], "14": [""], "15": [""], "18": [""], "22": [""], "26": [""], "27": [""], "28": [""], "31": [""]}, "executed_branches": [], "missing_branches": []}, "NextStatesResponse": {"executed_lines": [], "summary": {"covered_lines": 0, "num_statements": 0, "percent_covered": 100.0, "percent_covered_display": "100", "missing_lines": 0, "excluded_lines": 0, "percent_statements_covered": 100.0, "percent_statements_covered_display": "100", "num_branches": 0, "num_partial_branches": 0, "covered_branches": 0, "missing_branches": 0, "percent_branches_covered": 100.0, "percent_branches_covered_display": "100"}, "missing_lines": [], "excluded_lines": [], "start_line": 18, "contexts": {"1": [""], "3": [""], "6": [""], "7": [""], "10": [""], "14": [""], "15": [""], "18": [""], "22": [""], "26": [""], "27": [""], "28": [""], "31": [""]}, "executed_branches": [], "missing_branches": []}, "CountGamesResponse": {"executed_lines": [], "summary": {"covered_lines": 0, "num_statements": 0, "percent_covered": 100.0, "percent_covered_display": "100", "missing_lines": 0, "excluded_lines": 0, "percent_statements_covered": 100.0, "percent_statements_covered_display": "100", "num_branches": 0, "num_partial_branches": 0, "covered_branches": 0, "missing_branches": 0, "percent_branches_covered": 100.0, "percent_branches_covered_display": "100"}, "missing_lines": [], "excluded_lines": [], "start_line": 22, "contexts": {"1": [""], "3": [""], "6": [""], "7": [""], "10": [""], "14": [""], "15": [""], "18": [""], "22": [""], "26": [""], "27": [""], "28": [""], "31": [""]}, "executed_branches": [], "missing_branches": []}, "BotMoveRequest": {"executed_lines": [], "summary": {"covered_lines": 0, "num_statements": 0, "percent_covered": 100.0, "percent_covered_display": "100", "missing_lines": 0, "excluded_lines": 0, "percent_statements_covered": 100.0, "percent_statements_covered_display": "100", "num_branches": 0, "num_partial_branches": 0, "covered_branches": 0, "missing_branches": 0, "percent_branches_covered": 100.0, "percent_branches_covered_display": "100"}, "missing_lines": [], "excluded_lines": [], "start_line": 26, "contexts": {"1": [""], "3": [""], "6": [""], "7": [""], "10": [""], "14": [""], "15": [""], "18": [""], "22": [""], "26": [""], "27": [""], "28": [""], "31": [""]}, "executed_branches": [], "missing_branches": []}, "BotMoveResponse": {"executed_lines": [], "summary": {"covered_lines": 0, "num_statements": 0, "percent_covered": 100.0, "percent_covered_display": "100", "missing_lines": 0, "excluded_lines": 0, "percent_statements_covered": 100.0, "percent_statements_covered_display": "100", "num_branches": 0, "num_partial_branches": 0, "covered_branches": 0, "missing_branches": 0, "percent_branches_covered": 100.0, "percent_branches_covered_display": "100"}, "missing_lines": [], "excluded_lines": [], "start_line": 31, "contexts": {"1": [""], "3": [""], "6": [""], "7": [""], "10": [""], "14": [""], "15": [""], "18": [""], "22": [""], "26": [""], "27": [""], "28": [""], "31": [""]}, "executed_branches": [], "missing_branches": []}, "": {"executed_lines": [1, 3, 6, 7, 10, 14, 15, 18, 22, 26, 27, 28, 31], "summary": {"covered_lines": 13, "num_statements": 13, "percent_covered": 100.0, "percent_covered_display": "100", "missing_lines": 0, "excluded_lines": 0, "percent_statements_covered": 100.0, "percent_statements_covered_display": "100", "num_branches": 0, "num_partial_branches": 0, "covered_branches": 0, "missing_branches": 0, "percent_branches_covered": 100.0, "percent_branches_covered_display": "100"}, "missing_lines": [], "excluded_lines": [], "start_line": 1, "contexts": {"1": [""], "3": [""], "6": [""], "7": [""], "10": [""], "14": [""], "15": [""], "18": [""], "22": [""], "26": [""], "27": [""], "28": [""], "31": [""]}, "executed_branches": [], "missing_branches": []}}}, "app/models/stats.py": {"executed_lines": [1, 4, 5, 6, 9, 13, 21, 26], "summary": {"covered_lines": 8, "num_statements": 8, "percent_covered": 100.0, "percent_covered_display": "100", "missing_lines": 0, "excluded_lines": 0, "percent_statements_covered": 100.0, "percent_statements_covered_display": "100", "num_branches": 0, "num_partial_branches": 0, "covered_branches": 0, "missing_branches": 0, "percent_branches_covered": 100.0, "percent_branches_covered_display": "100"}, "missing_lines": [], "excluded_lines": [], "contexts": {"1": [""], "4": [""], "5": [""], "6": [""], "9": [""], "13": [""], "21": [""], "26": [""]}, "executed_branches": [], "missing_branches": [], "functions": {"": {"executed_lines": [1, 4, 5, 6, 9, 13, 21, 26], "summary": {"covered_lines": 8, "num_statements": 8, "percent_covered": 100.0, "percent_covered_display": "100", "missing_lines": 0, "excluded_lines": 0, "percent_statements_covered": 100.0, "percent_statements_covered_display": "100", "num_branches": 0, "num_partial_branches": 0, "covered_branches": 0, "missing_branches": 0, "percent_branches_covered": 100.0, "percent_branches_covered_display": "100"}, "missing_lines": [], "excluded_lines": [], "start_line": 1, "contexts": {"1": [""], "4": [""], "5": [""], "6": [""], "9": [""], "13": [""], "21": [""], "26": [""]}, "executed_branches": [], "missing_branches": []}}, "classes": {"GameRecordModel": {"executed_lines": [], "summary": {"covered_lines": 0, "num_statements": 0, "percent_covered": 100.0, "percent_covered_display": "100", "missing_lines": 0, "excluded_lines": 0, "percent_statements_covered": 100.0, "percent_statements_covered_display": "100", "num_branches": 0, "num_partial_branches": 0, "covered_branches": 0, "missing_branches": 0, "percent_branches_covered": 100.0, "percent_branches_covered_display": "100"}, "missing_lines": [], "excluded_lines": [], "start_line": 4, "contexts": {"1": [""], "4": [""], "5": [""], "6": [""], "9": [""], "13": [""], "21": [""], "26": [""]}, "executed_branches": [], "missing_branches": []}, "StatsRequest": {"executed_lines": [], "summary": {"covered_lines": 0, "num_statements": 0, "percent_covered": 100.0, "percent_covered_display": "100", "missing_lines": 0, "excluded_lines": 0, "percent_statements_covered": 100.0, "percent_statements_covered_display": "100", "num_branches": 0, "num_partial_branches": 0, "covered_branches": 0, "missing_branches": 0, "percent_branches_covered": 100.0, "percent_branches_covered_display": "100"}, "missing_lines": [], "excluded_lines": [], "start_line": 9, "contexts": {"1": [""], "4": [""], "5": [""], "6": [""], "9": [""], "13": [""], "21": [""], "26": [""]}, "executed_branches": [], "missing_branches": []}, "StatsSummaryResponse": {"executed_lines": [], "summary": {"covered_lines": 0, "num_statements": 0, "percent_covered": 100.0, "percent_covered_display": "100", "missing_lines": 0, "excluded_lines": 0, "percent_statements_covered": 100.0, "percent_statements_covered_display": "100", "num_branches": 0, "num_partial_branches": 0, "covered_branches": 0, "missing_branches": 0, "percent_branches_covered": 100.0, "percent_branches_covered_display": "100"}, "missing_lines": [], "excluded_lines": [], "start_line": 13, "contexts": {"1": [""], "4": [""], "5": [""], "6": [""], "9": [""], "13": [""], "21": [""], "26": [""]}, "executed_branches": [], "missing_branches": []}, "DominanceRequest": {"executed_lines": [], "summary": {"covered_lines": 0, "num_statements": 0, "percent_covered": 100.0, "percent_covered_display": "100", "missing_lines": 0, "excluded_lines": 0, "percent_statements_covered": 100.0, "percent_statements_covered_display": "100", "num_branches": 0, "num_partial_branches": 0, "covered_branches": 0, "missing_branches": 0, "percent_branches_covered": 100.0, "percent_branches_covered_display": "100"}, "missing_lines": [], "excluded_lines": [], "start_line": 21, "contexts": {"1": [""], "4": [""], "5": [""], "6": [""], "9": [""], "13": [""], "21": [""], "26": [""]}, "executed_branches": [], "missing_branches": []}, "DominanceResponse": {"executed_lines": [], "summary": {"covered_lines": 0, "num_statements": 0, "percent_covered": 100.0, "percent_covered_display": "100", "missing_lines": 0, "excluded_lines": 0, "percent_statements_covered": 100.0, "percent_statements_covered_display": "100", "num_branches": 0, "num_partial_branches": 0, "covered_branches": 0, "missing_branches": 0, "percent_branches_covered": 100.0, "percent_branches_covered_display": "100"}, "missing_lines": [], "excluded_lines": [], "start_line": 26, "contexts": {"1": [""], "4": [""], "5": [""], "6": [""], "9": [""], "13": [""], "21": [""], "26": [""]}, "executed_branches": [], "missing_branches": []}, "": {"executed_lines": [1, 4, 5, 6, 9, 13, 21, 26], "summary": {"covered_lines": 8, "num_statements": 8, "percent_covered": 100.0, "percent_covered_display": "100", "missing_lines": 0, "excluded_lines": 0, "percent_statements_covered": 100.0, "percent_statements_covered_display": "100", "num_branches": 0, "num_partial_branches": 0, "covered_branches": 0, "missing_branches": 0, "percent_branches_covered": 100.0, "percent_branches_covered_display": "100"}, "missing_lines": [], "excluded_lines": [], "start_line": 1, "contexts": {"1": [""], "4": [""], "5": [""], "6": [""], "9": [""], "13": [""], "21": [""], "26": [""]}, "executed_branches": [], "missing_branches": []}}}}, "totals": {"covered_lines": 162, "num_statements": 215, "percent_covered": 69.96466431095406, "percent_covered_display": "70", "missing_lines": 53, "excluded_lines": 0, "percent_statements_covered": 75.34883720930233, "percent_statements_covered_display": "75", "num_branches": 68, "num_partial_branches": 4, "covered_branches": 36, "missing_branches": 32, "percent_branches_covered": 52.94117647058823, "percent_branches_covered_display": "53"}}